<?xml version="1.0" encoding="UTF-8"?>
<!-- Generated by org.testng.reporters.JUnitReportReporter -->
<testsuite hostname="DESKTOP-OEGTNK5" failures="0" tests="1" name="com.test.hyr.firsttest" time="8.951" errors="0" timestamp="2022-08-18T22:40:41 IST" skipped="0">
  <testcase classname="com.test.hyr.firsttest" name="asserts" time="8.951"/>
  <system-out/>
</testsuite> <!-- com.test.hyr.firsttest -->
