<?xml version="1.0" encoding="UTF-8"?>
<!-- Generated by org.testng.reporters.JUnitReportReporter -->
<testsuite hostname="DESKTOP-OEGTNK5" failures="0" tests="1" name="com.test.hyr.NewTest" time="0.007" errors="0" timestamp="2022-09-05T12:31:09 IST" skipped="0">
  <testcase classname="com.test.hyr.NewTest" name="f" time="0.007"/>
  <system-out/>
</testsuite> <!-- com.test.hyr.NewTest -->
