<?xml version="1.0" encoding="UTF-8"?>
<!-- Generated by org.testng.reporters.JUnitReportReporter -->
<testsuite hostname="DESKTOP-OEGTNK5" failures="0" tests="1" name="DriverFactory.TestngPractise" time="4.399" errors="0" timestamp="2020-12-30T17:07:40 IST" skipped="0">
  <testcase classname="DriverFactory.TestngPractise" name="start" time="4.399"/>
  <system-out/>
</testsuite> <!-- DriverFactory.TestngPractise -->
