<?xml version="1.0" encoding="UTF-8"?>
<!-- Generated by org.testng.reporters.JUnitReportReporter -->
<testsuite hostname="DESKTOP-OEGTNK5" failures="0" tests="2" name="DriverFactory.FirstTestng" time="0.012" errors="0" timestamp="2020-12-29T22:34:34 IST" skipped="0">
  <testcase classname="DriverFactory.FirstTestng" name="demo" time="0.011"/>
  <system-out/>
  <testcase classname="DriverFactory.FirstTestng" name="demo1" time="0.001"/>
  <system-out/>
</testsuite> <!-- DriverFactory.FirstTestng -->
