<?xml version="1.0" encoding="UTF-8"?>
<!-- Generated by org.testng.reporters.JUnitReportReporter -->
<testsuite hostname="DESKTOP-OEGTNK5" failures="0" tests="1" name="DriverFactory.AppTest" time="24.168" errors="0" timestamp="2021-02-08T15:08:53 IST" skipped="0">
  <testcase classname="DriverFactory.AppTest" name="kickstart" time="24.168"/>
  <system-out/>
</testsuite> <!-- DriverFactory.AppTest -->
