<?xml version="1.0" encoding="UTF-8"?>
<!-- Generated by org.testng.reporters.JUnitReportReporter -->
<testsuite hostname="DESKTOP-OEGTNK5" failures="0" tests="1" name="Seleniumconcepts.Assertions" time="0.007" errors="0" timestamp="2021-01-06T22:44:38 IST" skipped="0">
  <testcase classname="Seleniumconcepts.Assertions" name="demo" time="0.007"/>
  <system-out/>
</testsuite> <!-- Seleniumconcepts.Assertions -->
