<?xml version="1.0" encoding="UTF-8"?>
<!-- Generated by org.testng.reporters.JUnitReportReporter -->
<testsuite hostname="DESKTOP-OEGTNK5" failures="0" tests="2" name="DriverFactory.newtestng" time="0.022" errors="0" timestamp="2020-12-29T17:29:01 IST" skipped="0">
  <testcase classname="DriverFactory.newtestng" name="appstart" time="0.019"/>
  <system-out/>
  <testcase classname="DriverFactory.newtestng" name="appstop" time="0.003"/>
  <system-out/>
</testsuite> <!-- DriverFactory.newtestng -->
